<?xml version="1.0" encoding="UTF-8"?>
<!-- Generated by org.testng.reporters.JUnitXMLReporter -->
<testsuite ignored="0" hostname="Jashwin-PC" failures="2" tests="7" name="IntrgrationTesting" time="77.758" errors="0" timestamp="2026-06-03T23:10:33 IST">
  <testcase classname="bstackTestPackage.TC1_Login" name="ValidLogin" time="1.042"/>
  <testcase classname="bstackTestPackage.TC4_AddtoCart" name="AddtoCart" time="1.619"/>
  <testcase classname="bstackTestPackage.TC7_Checkout" name="Checkout" time="2.71"/>
  <testcase classname="bstackTestPackage.TC3_LoginwithEmpty" name="EmptyLogin" time="1.323">
    <failure type="java.lang.AssertionError" message="expected [Invalid Password] but found [Invalid Username]">
      <![CDATA[java.lang.AssertionError: expected [Invalid Password] but found [Invalid Username]
at bstackPackage.InvalidCredentials.Error(InvalidCredentials.java:62)
at bstackTestPackage.TC3_LoginwithEmpty.EmptyLogin(TC3_LoginwithEmpty.java:18)
at java.base/java.util.ArrayList.forEach(ArrayList.java:1597)
... Removed 35 stack frames]]>
    </failure>
  </testcase> <!-- EmptyLogin -->
  <testcase classname="bstackTestPackage.TC6_RemoveItemCart" name="RemoveItem" time="2.179">
    <failure type="java.lang.AssertionError" message="expected [2] but found []">
      <![CDATA[java.lang.AssertionError: expected [2] but found []
at bstackPackage.MultipleCart.qty(MultipleCart.java:41)
at bstackTestPackage.TC6_RemoveItemCart.RemoveItem(TC6_RemoveItemCart.java:25)
at java.base/java.util.ArrayList.forEach(ArrayList.java:1597)
... Removed 35 stack frames]]>
    </failure>
  </testcase> <!-- RemoveItem -->
  <testcase classname="bstackTestPackage.TC5_MultipleAddtoCart" name="MultipleCart" time="1.739"/>
  <testcase classname="bstackTestPackage.TC2_Logininvalid" name="InValidLogin" time="1.496"/>
</testsuite> <!-- IntrgrationTesting -->
