<?xml version="1.0" encoding="UTF-8"?>
<!-- Generated by org.testng.reporters.JUnitXMLReporter -->
<testsuite ignored="0" hostname="Jashwin-PC" failures="3" tests="7" name="Testing" time="49.951" errors="0" timestamp="2026-06-03T21:59:58 IST">
  <testcase classname="bstackTestPackage.TC1_Login" name="ValidLogin" time="1.586"/>
  <testcase classname="bstackTestPackage.TC2_Logininvalid" name="InValidLogin" time="1.968"/>
  <testcase classname="bstackTestPackage.TC3_LoginwithEmpty" name="EmptyLogin" time="1.63">
    <failure type="java.lang.AssertionError" message="expected [Invalid Password] but found [Invalid Username]">
      <![CDATA[java.lang.AssertionError: expected [Invalid Password] but found [Invalid Username]
at bstackPackage.InvalidCredentials.Error(InvalidCredentials.java:62)
at bstackTestPackage.TC3_LoginwithEmpty.EmptyLogin(TC3_LoginwithEmpty.java:18)
at java.base/java.util.ArrayList.forEach(ArrayList.java:1597)
... Removed 35 stack frames]]>
    </failure>
  </testcase> <!-- EmptyLogin -->
  <testcase classname="bstackTestPackage.TC4_AddtoCart" name="AddtoCart" time="2.192"/>
  <testcase classname="bstackTestPackage.TC5_MultipleAddtoCart" name="MultipleCart" time="3.317">
    <failure type="org.openqa.selenium.ElementClickInterceptedException" message="element click intercepted: Element &amp;lt;div class=&amp;quot;shelf-item__buy-btn&amp;quot;&amp;gt;...&amp;lt;/div&amp;gt; is not clickable at point (687, 625). Other element would receive the click: &amp;lt;div class=&amp;quot;float-cart__footer&amp;quot;&amp;gt;...&amp;lt;/div&amp;gt;
  (Session info: chrome=148.0.7778.179)
Build info: version: &amp;apos;4.32.0&amp;apos;, revision: &amp;apos;d17c8aa950&amp;apos;
System info: os.name: &amp;apos;Windows 11&amp;apos;, os.arch: &amp;apos;amd64&amp;apos;, os.version: &amp;apos;10.0&amp;apos;, java.version: &amp;apos;23.0.2&amp;apos;
Driver info: org.openqa.selenium.chrome.ChromeDriver
Command: [404a4a2825790d711d7e0c61ffd5e8d1, clickElement {id=f.BB5C8887037AA75F5235971BDD27D812.d.F067A4429AD293DD5A71FCBF0DFB8EBC.e.116}]
Capabilities {acceptInsecureCerts: false, browserName: chrome, browserVersion: 148.0.7778.179, chrome: {chromedriverVersion: 148.0.7778.178 (d096af1c9e9..., userDataDir: C:\Users\anbuj\AppData\Loca...}, fedcm:accounts: true, goog:chromeOptions: {debuggerAddress: localhost:65162}, goog:processID: 25044, networkConnectionEnabled: false, pageLoadStrategy: normal, platformName: windows, proxy: Proxy(), se:cdp: ws://localhost:65162/devtoo..., se:cdpVersion: 148.0.7778.179, setWindowRect: true, strictFileInteractability: false, timeouts: {implicit: 0, pageLoad: 300000, script: 30000}, unhandledPromptBehavior: dismiss and notify, webauthn:extension:credBlob: true, webauthn:extension:largeBlob: true, webauthn:extension:minPinLength: true, webauthn:extension:prf: true, webauthn:virtualAuthenticators: true}
Element: [[ChromeDriver: chrome on windows (404a4a2825790d711d7e0c61ffd5e8d1)] -&amp;gt; xpath: //p[text()=&amp;apos;iPhone 12 Pro Max&amp;apos;]/following::div[contains(@class,&amp;apos;buy-btn&amp;apos;)][1]]
Session ID: 404a4a2825790d711d7e0c61ffd5e8d1">
      <![CDATA[org.openqa.selenium.ElementClickInterceptedException: element click intercepted: Element <div class="shelf-item__buy-btn">...</div> is not clickable at point (687, 625). Other element would receive the click: <div class="float-cart__footer">...</div>
  (Session info: chrome=148.0.7778.179)
Build info: version: '4.32.0', revision: 'd17c8aa950'
System info: os.name: 'Windows 11', os.arch: 'amd64', os.version: '10.0', java.version: '23.0.2'
Driver info: org.openqa.selenium.chrome.ChromeDriver
Command: [404a4a2825790d711d7e0c61ffd5e8d1, clickElement {id=f.BB5C8887037AA75F5235971BDD27D812.d.F067A4429AD293DD5A71FCBF0DFB8EBC.e.116}]
Capabilities {acceptInsecureCerts: false, browserName: chrome, browserVersion: 148.0.7778.179, chrome: {chromedriverVersion: 148.0.7778.178 (d096af1c9e9..., userDataDir: C:\Users\anbuj\AppData\Loca...}, fedcm:accounts: true, goog:chromeOptions: {debuggerAddress: localhost:65162}, goog:processID: 25044, networkConnectionEnabled: false, pageLoadStrategy: normal, platformName: windows, proxy: Proxy(), se:cdp: ws://localhost:65162/devtoo..., se:cdpVersion: 148.0.7778.179, setWindowRect: true, strictFileInteractability: false, timeouts: {implicit: 0, pageLoad: 300000, script: 30000}, unhandledPromptBehavior: dismiss and notify, webauthn:extension:credBlob: true, webauthn:extension:largeBlob: true, webauthn:extension:minPinLength: true, webauthn:extension:prf: true, webauthn:virtualAuthenticators: true}
Element: [[ChromeDriver: chrome on windows (404a4a2825790d711d7e0c61ffd5e8d1)] -> xpath: //p[text()='iPhone 12 Pro Max']/following::div[contains(@class,'buy-btn')][1]]
Session ID: 404a4a2825790d711d7e0c61ffd5e8d1
at org.openqa.selenium.remote.ErrorCodec.decode(ErrorCodec.java:167)
at org.openqa.selenium.remote.codec.w3c.W3CHttpResponseCodec.decode(W3CHttpResponseCodec.java:138)
at org.openqa.selenium.remote.codec.w3c.W3CHttpResponseCodec.decode(W3CHttpResponseCodec.java:50)
at org.openqa.selenium.remote.HttpCommandExecutor.execute(HttpCommandExecutor.java:215)
at org.openqa.selenium.remote.service.DriverCommandExecutor.invokeExecute(DriverCommandExecutor.java:216)
at org.openqa.selenium.remote.service.DriverCommandExecutor.execute(DriverCommandExecutor.java:174)
at org.openqa.selenium.remote.RemoteWebDriver.execute(RemoteWebDriver.java:545)
at org.openqa.selenium.remote.RemoteWebElement.execute(RemoteWebElement.java:223)
at org.openqa.selenium.remote.RemoteWebElement.click(RemoteWebElement.java:76)
at org.openqa.selenium.support.pagefactory.internal.LocatingElementHandler.invoke(LocatingElementHandler.java:51)
at jdk.proxy2/jdk.proxy2.$Proxy10.click(Unknown Source)
at bstackPackage.MultipleCart.cart2(MultipleCart.java:33)
at bstackTestPackage.TC5_MultipleAddtoCart.MultipleCart(TC5_MultipleAddtoCart.java:23)
at java.base/java.util.ArrayList.forEach(ArrayList.java:1597)
... Removed 34 stack frames]]>
    </failure>
  </testcase> <!-- MultipleCart -->
  <testcase classname="bstackTestPackage.TC6_RemoveItemCart" name="RemoveItem" time="3.333">
    <failure type="org.openqa.selenium.ElementClickInterceptedException" message="element click intercepted: Element &amp;lt;div class=&amp;quot;shelf-item__buy-btn&amp;quot;&amp;gt;...&amp;lt;/div&amp;gt; is not clickable at point (687, 625). Other element would receive the click: &amp;lt;div class=&amp;quot;float-cart__footer&amp;quot;&amp;gt;...&amp;lt;/div&amp;gt;
  (Session info: chrome=148.0.7778.179)
Build info: version: &amp;apos;4.32.0&amp;apos;, revision: &amp;apos;d17c8aa950&amp;apos;
System info: os.name: &amp;apos;Windows 11&amp;apos;, os.arch: &amp;apos;amd64&amp;apos;, os.version: &amp;apos;10.0&amp;apos;, java.version: &amp;apos;23.0.2&amp;apos;
Driver info: org.openqa.selenium.chrome.ChromeDriver
Command: [a1c82304df997d0810527a065bb6c469, clickElement {id=f.51CE4BA1571FA51CC8F74C4399198CE7.d.FD832623C2EFCF2FCBCE9DD6420B6551.e.112}]
Capabilities {acceptInsecureCerts: false, browserName: chrome, browserVersion: 148.0.7778.179, chrome: {chromedriverVersion: 148.0.7778.178 (d096af1c9e9..., userDataDir: C:\Users\anbuj\AppData\Loca...}, fedcm:accounts: true, goog:chromeOptions: {debuggerAddress: localhost:62935}, goog:processID: 36780, networkConnectionEnabled: false, pageLoadStrategy: normal, platformName: windows, proxy: Proxy(), se:cdp: ws://localhost:62935/devtoo..., se:cdpVersion: 148.0.7778.179, setWindowRect: true, strictFileInteractability: false, timeouts: {implicit: 0, pageLoad: 300000, script: 30000}, unhandledPromptBehavior: dismiss and notify, webauthn:extension:credBlob: true, webauthn:extension:largeBlob: true, webauthn:extension:minPinLength: true, webauthn:extension:prf: true, webauthn:virtualAuthenticators: true}
Element: [[ChromeDriver: chrome on windows (a1c82304df997d0810527a065bb6c469)] -&amp;gt; xpath: //p[text()=&amp;apos;iPhone 12 Pro Max&amp;apos;]/following::div[contains(@class,&amp;apos;buy-btn&amp;apos;)][1]]
Session ID: a1c82304df997d0810527a065bb6c469">
      <![CDATA[org.openqa.selenium.ElementClickInterceptedException: element click intercepted: Element <div class="shelf-item__buy-btn">...</div> is not clickable at point (687, 625). Other element would receive the click: <div class="float-cart__footer">...</div>
  (Session info: chrome=148.0.7778.179)
Build info: version: '4.32.0', revision: 'd17c8aa950'
System info: os.name: 'Windows 11', os.arch: 'amd64', os.version: '10.0', java.version: '23.0.2'
Driver info: org.openqa.selenium.chrome.ChromeDriver
Command: [a1c82304df997d0810527a065bb6c469, clickElement {id=f.51CE4BA1571FA51CC8F74C4399198CE7.d.FD832623C2EFCF2FCBCE9DD6420B6551.e.112}]
Capabilities {acceptInsecureCerts: false, browserName: chrome, browserVersion: 148.0.7778.179, chrome: {chromedriverVersion: 148.0.7778.178 (d096af1c9e9..., userDataDir: C:\Users\anbuj\AppData\Loca...}, fedcm:accounts: true, goog:chromeOptions: {debuggerAddress: localhost:62935}, goog:processID: 36780, networkConnectionEnabled: false, pageLoadStrategy: normal, platformName: windows, proxy: Proxy(), se:cdp: ws://localhost:62935/devtoo..., se:cdpVersion: 148.0.7778.179, setWindowRect: true, strictFileInteractability: false, timeouts: {implicit: 0, pageLoad: 300000, script: 30000}, unhandledPromptBehavior: dismiss and notify, webauthn:extension:credBlob: true, webauthn:extension:largeBlob: true, webauthn:extension:minPinLength: true, webauthn:extension:prf: true, webauthn:virtualAuthenticators: true}
Element: [[ChromeDriver: chrome on windows (a1c82304df997d0810527a065bb6c469)] -> xpath: //p[text()='iPhone 12 Pro Max']/following::div[contains(@class,'buy-btn')][1]]
Session ID: a1c82304df997d0810527a065bb6c469
at org.openqa.selenium.remote.ErrorCodec.decode(ErrorCodec.java:167)
at org.openqa.selenium.remote.codec.w3c.W3CHttpResponseCodec.decode(W3CHttpResponseCodec.java:138)
at org.openqa.selenium.remote.codec.w3c.W3CHttpResponseCodec.decode(W3CHttpResponseCodec.java:50)
at org.openqa.selenium.remote.HttpCommandExecutor.execute(HttpCommandExecutor.java:215)
at org.openqa.selenium.remote.service.DriverCommandExecutor.invokeExecute(DriverCommandExecutor.java:216)
at org.openqa.selenium.remote.service.DriverCommandExecutor.execute(DriverCommandExecutor.java:174)
at org.openqa.selenium.remote.RemoteWebDriver.execute(RemoteWebDriver.java:545)
at org.openqa.selenium.remote.RemoteWebElement.execute(RemoteWebElement.java:223)
at org.openqa.selenium.remote.RemoteWebElement.click(RemoteWebElement.java:76)
at org.openqa.selenium.support.pagefactory.internal.LocatingElementHandler.invoke(LocatingElementHandler.java:51)
at jdk.proxy2/jdk.proxy2.$Proxy10.click(Unknown Source)
at bstackPackage.MultipleCart.cart2(MultipleCart.java:33)
at bstackTestPackage.TC6_RemoveItemCart.RemoveItem(TC6_RemoveItemCart.java:24)
at java.base/java.util.ArrayList.forEach(ArrayList.java:1597)
... Removed 34 stack frames]]>
    </failure>
  </testcase> <!-- RemoveItem -->
  <testcase classname="bstackTestPackage.TC7_Checkout" name="Checkout" time="3.979"/>
</testsuite> <!-- Testing -->
