<?xml version="1.0" encoding="UTF-8"?>
<testng-results ignored="0" total="1" passed="1" failed="0" skipped="0">
  <reporter-output>
  </reporter-output>
  <suite started-at="2026-06-03T23:15:43 IST" name="Default suite" finished-at="2026-06-03T23:15:59 IST" duration-ms="16155">
    <groups>
    </groups>
    <test started-at="2026-06-03T23:15:43 IST" name="Default test" finished-at="2026-06-03T23:15:59 IST" duration-ms="16155">
      <class name="bstackTestPackage.TC6_RemoveItemCart">
        <test-method is-config="true" signature="setup()[pri:0, instance:bstackTestPackage.TC6_RemoveItemCart@131ef10]" started-at="2026-06-03T23:15:43 IST" name="setup" finished-at="2026-06-03T23:15:55 IST" duration-ms="12189" status="PASS">
          <reporter-output>
          </reporter-output>
        </test-method> <!-- setup -->
        <test-method signature="RemoveItem()[pri:0, instance:bstackTestPackage.TC6_RemoveItemCart@131ef10]" started-at="2026-06-03T23:15:55 IST" name="RemoveItem" finished-at="2026-06-03T23:15:59 IST" duration-ms="3911" status="PASS">
          <reporter-output>
          </reporter-output>
        </test-method> <!-- RemoveItem -->
        <test-method is-config="true" signature="tearDown()[pri:0, instance:bstackTestPackage.TC6_RemoveItemCart@131ef10]" started-at="2026-06-03T23:15:59 IST" name="tearDown" finished-at="2026-06-03T23:15:59 IST" duration-ms="0" status="PASS">
          <reporter-output>
          </reporter-output>
        </test-method> <!-- tearDown -->
      </class> <!-- bstackTestPackage.TC6_RemoveItemCart -->
    </test> <!-- Default test -->
  </suite> <!-- Default suite -->
</testng-results>
